[0.294s] DEBUG:colcon:Command line arguments: ['/usr/bin/colcon', 'build', '--cmake-args', '-Wno-dev', '--allow-overriding', 'turtlesim']
[0.294s] DEBUG:colcon:Parsed command line arguments: Namespace(log_base=None, log_level=None, verb_name='build', build_base='build', install_base='install', merge_install=False, symlink_install=False, test_result_base=None, continue_on_error=False, executor='parallel', parallel_workers=16, event_handlers=None, ignore_user_meta=False, metas=['./colcon.meta'], base_paths=['.'], packages_ignore=None, packages_ignore_regex=None, paths=None, packages_up_to=None, packages_up_to_regex=None, packages_above=None, packages_above_and_dependencies=None, packages_above_depth=None, packages_select_by_dep=None, packages_skip_by_dep=None, packages_skip_up_to=None, packages_select_build_failed=False, packages_skip_build_finished=False, packages_select_test_failures=False, packages_skip_test_passed=False, packages_select=None, packages_skip=None, packages_select_regex=None, packages_skip_regex=None, packages_start=None, packages_end=None, allow_overriding=['turtlesim'], cmake_args=['-Wno-dev'], cmake_target=None, cmake_target_skip_unavailable=False, cmake_clean_cache=False, cmake_clean_first=False, cmake_force_configure=False, ament_cmake_args=None, catkin_cmake_args=None, catkin_skip_building_tests=False, verb_parser=<colcon_defaults.argument_parser.defaults.DefaultArgumentsDecorator object at 0x7f7845604670>, verb_extension=<colcon_core.verb.build.BuildVerb object at 0x7f78456040a0>, main=<bound method BuildVerb.main of <colcon_core.verb.build.BuildVerb object at 0x7f78456040a0>>)
[0.313s] Level 1:colcon.colcon_core.package_discovery:discover_packages(colcon_meta) check parameters
[0.313s] Level 1:colcon.colcon_core.package_discovery:discover_packages(recursive) check parameters
[0.313s] Level 1:colcon.colcon_core.package_discovery:discover_packages(ignore) check parameters
[0.313s] Level 1:colcon.colcon_core.package_discovery:discover_packages(path) check parameters
[0.313s] Level 1:colcon.colcon_core.package_discovery:discover_packages(colcon_meta) discover
[0.313s] Level 1:colcon.colcon_core.package_discovery:discover_packages(recursive) discover
[0.313s] INFO:colcon.colcon_core.package_discovery:Crawling recursively for packages in '/home/aswarth/eyantra/eyrc_hb/hb_task1a_ws'
[0.313s] Level 1:colcon.colcon_core.package_identification:_identify(.) by extensions ['ignore', 'ignore_ament_install']
[0.313s] Level 1:colcon.colcon_core.package_identification:_identify(.) by extension 'ignore'
[0.313s] Level 1:colcon.colcon_core.package_identification:_identify(.) by extension 'ignore_ament_install'
[0.313s] Level 1:colcon.colcon_core.package_identification:_identify(.) by extensions ['colcon_pkg']
[0.313s] Level 1:colcon.colcon_core.package_identification:_identify(.) by extension 'colcon_pkg'
[0.313s] Level 1:colcon.colcon_core.package_identification:_identify(.) by extensions ['colcon_meta']
[0.313s] Level 1:colcon.colcon_core.package_identification:_identify(.) by extension 'colcon_meta'
[0.313s] Level 1:colcon.colcon_core.package_identification:_identify(.) by extensions ['ros']
[0.313s] Level 1:colcon.colcon_core.package_identification:_identify(.) by extension 'ros'
[0.323s] Level 1:colcon.colcon_core.package_identification:_identify(.) by extensions ['cmake', 'python']
[0.323s] Level 1:colcon.colcon_core.package_identification:_identify(.) by extension 'cmake'
[0.323s] Level 1:colcon.colcon_core.package_identification:_identify(.) by extension 'python'
[0.323s] Level 1:colcon.colcon_core.package_identification:_identify(.) by extensions ['python_setup_py']
[0.323s] Level 1:colcon.colcon_core.package_identification:_identify(.) by extension 'python_setup_py'
[0.323s] Level 1:colcon.colcon_core.package_identification:_identify(build) by extensions ['ignore', 'ignore_ament_install']
[0.323s] Level 1:colcon.colcon_core.package_identification:_identify(build) by extension 'ignore'
[0.323s] Level 1:colcon.colcon_core.package_identification:_identify(build) ignored
[0.323s] Level 1:colcon.colcon_core.package_identification:_identify(install) by extensions ['ignore', 'ignore_ament_install']
[0.323s] Level 1:colcon.colcon_core.package_identification:_identify(install) by extension 'ignore'
[0.323s] Level 1:colcon.colcon_core.package_identification:_identify(install) ignored
[0.323s] Level 1:colcon.colcon_core.package_identification:_identify(log) by extensions ['ignore', 'ignore_ament_install']
[0.323s] Level 1:colcon.colcon_core.package_identification:_identify(log) by extension 'ignore'
[0.323s] Level 1:colcon.colcon_core.package_identification:_identify(log) ignored
[0.323s] Level 1:colcon.colcon_core.package_identification:_identify(src) by extensions ['ignore', 'ignore_ament_install']
[0.323s] Level 1:colcon.colcon_core.package_identification:_identify(src) by extension 'ignore'
[0.324s] Level 1:colcon.colcon_core.package_identification:_identify(src) by extension 'ignore_ament_install'
[0.324s] Level 1:colcon.colcon_core.package_identification:_identify(src) by extensions ['colcon_pkg']
[0.324s] Level 1:colcon.colcon_core.package_identification:_identify(src) by extension 'colcon_pkg'
[0.324s] Level 1:colcon.colcon_core.package_identification:_identify(src) by extensions ['colcon_meta']
[0.324s] Level 1:colcon.colcon_core.package_identification:_identify(src) by extension 'colcon_meta'
[0.324s] Level 1:colcon.colcon_core.package_identification:_identify(src) by extensions ['ros']
[0.324s] Level 1:colcon.colcon_core.package_identification:_identify(src) by extension 'ros'
[0.324s] Level 1:colcon.colcon_core.package_identification:_identify(src) by extensions ['cmake', 'python']
[0.324s] Level 1:colcon.colcon_core.package_identification:_identify(src) by extension 'cmake'
[0.324s] Level 1:colcon.colcon_core.package_identification:_identify(src) by extension 'python'
[0.324s] Level 1:colcon.colcon_core.package_identification:_identify(src) by extensions ['python_setup_py']
[0.324s] Level 1:colcon.colcon_core.package_identification:_identify(src) by extension 'python_setup_py'
[0.324s] Level 1:colcon.colcon_core.package_identification:_identify(src/hb_task_1a) by extensions ['ignore', 'ignore_ament_install']
[0.324s] Level 1:colcon.colcon_core.package_identification:_identify(src/hb_task_1a) by extension 'ignore'
[0.324s] Level 1:colcon.colcon_core.package_identification:_identify(src/hb_task_1a) by extension 'ignore_ament_install'
[0.324s] Level 1:colcon.colcon_core.package_identification:_identify(src/hb_task_1a) by extensions ['colcon_pkg']
[0.324s] Level 1:colcon.colcon_core.package_identification:_identify(src/hb_task_1a) by extension 'colcon_pkg'
[0.324s] Level 1:colcon.colcon_core.package_identification:_identify(src/hb_task_1a) by extensions ['colcon_meta']
[0.324s] Level 1:colcon.colcon_core.package_identification:_identify(src/hb_task_1a) by extension 'colcon_meta'
[0.324s] Level 1:colcon.colcon_core.package_identification:_identify(src/hb_task_1a) by extensions ['ros']
[0.324s] Level 1:colcon.colcon_core.package_identification:_identify(src/hb_task_1a) by extension 'ros'
[0.326s] DEBUG:colcon.colcon_core.package_identification:Package 'src/hb_task_1a' with type 'ros.ament_python' and name 'hb_task_1a'
[0.326s] Level 1:colcon.colcon_core.package_identification:_identify(src/ros_tutorials) by extensions ['ignore', 'ignore_ament_install']
[0.326s] Level 1:colcon.colcon_core.package_identification:_identify(src/ros_tutorials) by extension 'ignore'
[0.326s] Level 1:colcon.colcon_core.package_identification:_identify(src/ros_tutorials) by extension 'ignore_ament_install'
[0.326s] Level 1:colcon.colcon_core.package_identification:_identify(src/ros_tutorials) by extensions ['colcon_pkg']
[0.326s] Level 1:colcon.colcon_core.package_identification:_identify(src/ros_tutorials) by extension 'colcon_pkg'
[0.326s] Level 1:colcon.colcon_core.package_identification:_identify(src/ros_tutorials) by extensions ['colcon_meta']
[0.326s] Level 1:colcon.colcon_core.package_identification:_identify(src/ros_tutorials) by extension 'colcon_meta'
[0.326s] Level 1:colcon.colcon_core.package_identification:_identify(src/ros_tutorials) by extensions ['ros']
[0.326s] Level 1:colcon.colcon_core.package_identification:_identify(src/ros_tutorials) by extension 'ros'
[0.326s] Level 1:colcon.colcon_core.package_identification:_identify(src/ros_tutorials) by extensions ['cmake', 'python']
[0.326s] Level 1:colcon.colcon_core.package_identification:_identify(src/ros_tutorials) by extension 'cmake'
[0.326s] Level 1:colcon.colcon_core.package_identification:_identify(src/ros_tutorials) by extension 'python'
[0.326s] Level 1:colcon.colcon_core.package_identification:_identify(src/ros_tutorials) by extensions ['python_setup_py']
[0.326s] Level 1:colcon.colcon_core.package_identification:_identify(src/ros_tutorials) by extension 'python_setup_py'
[0.326s] Level 1:colcon.colcon_core.package_identification:_identify(src/ros_tutorials/ros_tutorials) by extensions ['ignore', 'ignore_ament_install']
[0.327s] Level 1:colcon.colcon_core.package_identification:_identify(src/ros_tutorials/ros_tutorials) by extension 'ignore'
[0.327s] Level 1:colcon.colcon_core.package_identification:_identify(src/ros_tutorials/ros_tutorials) ignored
[0.327s] Level 1:colcon.colcon_core.package_identification:_identify(src/ros_tutorials/turtlesim) by extensions ['ignore', 'ignore_ament_install']
[0.327s] Level 1:colcon.colcon_core.package_identification:_identify(src/ros_tutorials/turtlesim) by extension 'ignore'
[0.327s] Level 1:colcon.colcon_core.package_identification:_identify(src/ros_tutorials/turtlesim) by extension 'ignore_ament_install'
[0.327s] Level 1:colcon.colcon_core.package_identification:_identify(src/ros_tutorials/turtlesim) by extensions ['colcon_pkg']
[0.327s] Level 1:colcon.colcon_core.package_identification:_identify(src/ros_tutorials/turtlesim) by extension 'colcon_pkg'
[0.327s] Level 1:colcon.colcon_core.package_identification:_identify(src/ros_tutorials/turtlesim) by extensions ['colcon_meta']
[0.327s] Level 1:colcon.colcon_core.package_identification:_identify(src/ros_tutorials/turtlesim) by extension 'colcon_meta'
[0.327s] Level 1:colcon.colcon_core.package_identification:_identify(src/ros_tutorials/turtlesim) by extensions ['ros']
[0.327s] Level 1:colcon.colcon_core.package_identification:_identify(src/ros_tutorials/turtlesim) by extension 'ros'
[0.328s] DEBUG:colcon.colcon_core.package_identification:Package 'src/ros_tutorials/turtlesim' with type 'ros.ament_cmake' and name 'turtlesim'
[0.328s] Level 1:colcon.colcon_core.package_discovery:discover_packages(recursive) using defaults
[0.328s] Level 1:colcon.colcon_core.package_discovery:discover_packages(ignore) discover
[0.328s] Level 1:colcon.colcon_core.package_discovery:discover_packages(ignore) using defaults
[0.328s] Level 1:colcon.colcon_core.package_discovery:discover_packages(path) discover
[0.328s] Level 1:colcon.colcon_core.package_discovery:discover_packages(path) using defaults
[0.347s] Level 1:colcon.colcon_core.package_discovery:discover_packages(prefix_path) check parameters
[0.348s] Level 1:colcon.colcon_core.package_discovery:discover_packages(prefix_path) discover
[0.349s] WARNING:colcon.colcon_ros.prefix_path.ament:The path '/home/aswarth/eyantra/eyrc_hb/hb_task1a_ws/install/hb_task_1a' in the environment variable AMENT_PREFIX_PATH doesn't exist
[0.349s] WARNING:colcon.colcon_ros.prefix_path.ament:The path '/home/aswarth/eyantra/eyrc_hb/hb_task1a_ws/install/turtlesim' in the environment variable AMENT_PREFIX_PATH doesn't exist
[0.349s] WARNING:colcon.colcon_ros.prefix_path.catkin:The path '/home/aswarth/eyantra/eyrc_hb/hb_task1a_ws/install/turtlesim' in the environment variable CMAKE_PREFIX_PATH doesn't exist
[0.350s] DEBUG:colcon.colcon_installed_package_information.package_discovery:Found 0 installed packages in /home/aswarth/eyantra/eyrc_hb/hb_task1a_ws/install
[0.351s] DEBUG:colcon.colcon_installed_package_information.package_discovery:Found 276 installed packages in /opt/ros/humble
[0.352s] Level 1:colcon.colcon_core.package_discovery:discover_packages(prefix_path) using defaults
[0.403s] Level 5:colcon.colcon_core.verb:set package 'turtlesim' build argument 'cmake_args' from command line to '['-Wno-dev']'
[0.403s] Level 5:colcon.colcon_core.verb:set package 'turtlesim' build argument 'cmake_target' from command line to 'None'
[0.404s] Level 5:colcon.colcon_core.verb:set package 'turtlesim' build argument 'cmake_target_skip_unavailable' from command line to 'False'
[0.404s] Level 5:colcon.colcon_core.verb:set package 'turtlesim' build argument 'cmake_clean_cache' from command line to 'False'
[0.404s] Level 5:colcon.colcon_core.verb:set package 'turtlesim' build argument 'cmake_clean_first' from command line to 'False'
[0.404s] Level 5:colcon.colcon_core.verb:set package 'turtlesim' build argument 'cmake_force_configure' from command line to 'False'
[0.404s] Level 5:colcon.colcon_core.verb:set package 'turtlesim' build argument 'ament_cmake_args' from command line to 'None'
[0.404s] Level 5:colcon.colcon_core.verb:set package 'turtlesim' build argument 'catkin_cmake_args' from command line to 'None'
[0.404s] Level 5:colcon.colcon_core.verb:set package 'turtlesim' build argument 'catkin_skip_building_tests' from command line to 'False'
[0.404s] DEBUG:colcon.colcon_core.verb:Building package 'turtlesim' with the following arguments: {'ament_cmake_args': None, 'build_base': '/home/aswarth/eyantra/eyrc_hb/hb_task1a_ws/build/turtlesim', 'catkin_cmake_args': None, 'catkin_skip_building_tests': False, 'cmake_args': ['-Wno-dev'], 'cmake_clean_cache': False, 'cmake_clean_first': False, 'cmake_force_configure': False, 'cmake_target': None, 'cmake_target_skip_unavailable': False, 'install_base': '/home/aswarth/eyantra/eyrc_hb/hb_task1a_ws/install/turtlesim', 'merge_install': False, 'path': '/home/aswarth/eyantra/eyrc_hb/hb_task1a_ws/src/ros_tutorials/turtlesim', 'symlink_install': False, 'test_result_base': None}
[0.404s] Level 5:colcon.colcon_core.verb:set package 'hb_task_1a' build argument 'cmake_args' from command line to '['-Wno-dev']'
[0.405s] Level 5:colcon.colcon_core.verb:set package 'hb_task_1a' build argument 'cmake_target' from command line to 'None'
[0.405s] Level 5:colcon.colcon_core.verb:set package 'hb_task_1a' build argument 'cmake_target_skip_unavailable' from command line to 'False'
[0.405s] Level 5:colcon.colcon_core.verb:set package 'hb_task_1a' build argument 'cmake_clean_cache' from command line to 'False'
[0.405s] Level 5:colcon.colcon_core.verb:set package 'hb_task_1a' build argument 'cmake_clean_first' from command line to 'False'
[0.405s] Level 5:colcon.colcon_core.verb:set package 'hb_task_1a' build argument 'cmake_force_configure' from command line to 'False'
[0.405s] Level 5:colcon.colcon_core.verb:set package 'hb_task_1a' build argument 'ament_cmake_args' from command line to 'None'
[0.405s] Level 5:colcon.colcon_core.verb:set package 'hb_task_1a' build argument 'catkin_cmake_args' from command line to 'None'
[0.405s] Level 5:colcon.colcon_core.verb:set package 'hb_task_1a' build argument 'catkin_skip_building_tests' from command line to 'False'
[0.405s] DEBUG:colcon.colcon_core.verb:Building package 'hb_task_1a' with the following arguments: {'ament_cmake_args': None, 'build_base': '/home/aswarth/eyantra/eyrc_hb/hb_task1a_ws/build/hb_task_1a', 'catkin_cmake_args': None, 'catkin_skip_building_tests': False, 'cmake_args': ['-Wno-dev'], 'cmake_clean_cache': False, 'cmake_clean_first': False, 'cmake_force_configure': False, 'cmake_target': None, 'cmake_target_skip_unavailable': False, 'install_base': '/home/aswarth/eyantra/eyrc_hb/hb_task1a_ws/install/hb_task_1a', 'merge_install': False, 'path': '/home/aswarth/eyantra/eyrc_hb/hb_task1a_ws/src/hb_task_1a', 'symlink_install': False, 'test_result_base': None}
[0.405s] INFO:colcon.colcon_core.executor:Executing jobs using 'parallel' executor
[0.408s] DEBUG:colcon.colcon_parallel_executor.executor.parallel:run_until_complete
[0.408s] INFO:colcon.colcon_ros.task.ament_cmake.build:Building ROS package in '/home/aswarth/eyantra/eyrc_hb/hb_task1a_ws/src/ros_tutorials/turtlesim' with build type 'ament_cmake'
[0.408s] INFO:colcon.colcon_cmake.task.cmake.build:Building CMake package in '/home/aswarth/eyantra/eyrc_hb/hb_task1a_ws/src/ros_tutorials/turtlesim'
[0.412s] INFO:colcon.colcon_core.plugin_system:Skipping extension 'colcon_core.shell.bat': Not used on non-Windows systems
[0.412s] INFO:colcon.colcon_core.shell:Skip shell extension 'powershell' for command environment: Not usable outside of PowerShell
[0.412s] DEBUG:colcon.colcon_core.shell:Skip shell extension 'dsv' for command environment
[0.421s] DEBUG:colcon.colcon_core.event_handler.log_command:Invoking command in '/home/aswarth/eyantra/eyrc_hb/hb_task1a_ws/build/turtlesim': CMAKE_PREFIX_PATH=${CMAKE_PREFIX_PATH}:/home/aswarth/eyantra/eyrc_hb/hb_task1a_ws/install/hb_task_1a:/opt/ros/humble /home/aswarth/.local/bin/cmake /home/aswarth/eyantra/eyrc_hb/hb_task1a_ws/src/ros_tutorials/turtlesim -Wno-dev -DCMAKE_INSTALL_PREFIX=/home/aswarth/eyantra/eyrc_hb/hb_task1a_ws/install/turtlesim
[3.602s] DEBUG:colcon.colcon_core.event_handler.log_command:Invoked command in '/home/aswarth/eyantra/eyrc_hb/hb_task1a_ws/build/turtlesim' returned '0': CMAKE_PREFIX_PATH=${CMAKE_PREFIX_PATH}:/home/aswarth/eyantra/eyrc_hb/hb_task1a_ws/install/hb_task_1a:/opt/ros/humble /home/aswarth/.local/bin/cmake /home/aswarth/eyantra/eyrc_hb/hb_task1a_ws/src/ros_tutorials/turtlesim -Wno-dev -DCMAKE_INSTALL_PREFIX=/home/aswarth/eyantra/eyrc_hb/hb_task1a_ws/install/turtlesim
[3.603s] DEBUG:colcon.colcon_core.event_handler.log_command:Invoking command in '/home/aswarth/eyantra/eyrc_hb/hb_task1a_ws/build/turtlesim': CMAKE_PREFIX_PATH=${CMAKE_PREFIX_PATH}:/home/aswarth/eyantra/eyrc_hb/hb_task1a_ws/install/hb_task_1a:/opt/ros/humble /home/aswarth/.local/bin/cmake --build /home/aswarth/eyantra/eyrc_hb/hb_task1a_ws/build/turtlesim -- -j16 -l16
[23.834s] DEBUG:colcon.colcon_core.event_handler.log_command:Invoked command in '/home/aswarth/eyantra/eyrc_hb/hb_task1a_ws/build/turtlesim' returned '0': CMAKE_PREFIX_PATH=${CMAKE_PREFIX_PATH}:/home/aswarth/eyantra/eyrc_hb/hb_task1a_ws/install/hb_task_1a:/opt/ros/humble /home/aswarth/.local/bin/cmake --build /home/aswarth/eyantra/eyrc_hb/hb_task1a_ws/build/turtlesim -- -j16 -l16
[24.248s] DEBUG:colcon.colcon_core.event_handler.log_command:Invoking command in '/home/aswarth/eyantra/eyrc_hb/hb_task1a_ws/build/turtlesim': CMAKE_PREFIX_PATH=${CMAKE_PREFIX_PATH}:/home/aswarth/eyantra/eyrc_hb/hb_task1a_ws/install/hb_task_1a:/opt/ros/humble /home/aswarth/.local/bin/cmake --install /home/aswarth/eyantra/eyrc_hb/hb_task1a_ws/build/turtlesim
[24.369s] Level 1:colcon.colcon_core.environment:create_environment_scripts_only(turtlesim)
[24.370s] DEBUG:colcon.colcon_core.event_handler.log_command:Invoked command in '/home/aswarth/eyantra/eyrc_hb/hb_task1a_ws/build/turtlesim' returned '0': CMAKE_PREFIX_PATH=${CMAKE_PREFIX_PATH}:/home/aswarth/eyantra/eyrc_hb/hb_task1a_ws/install/hb_task_1a:/opt/ros/humble /home/aswarth/.local/bin/cmake --install /home/aswarth/eyantra/eyrc_hb/hb_task1a_ws/build/turtlesim
[24.373s] Level 1:colcon.colcon_core.environment:checking '/home/aswarth/eyantra/eyrc_hb/hb_task1a_ws/install/turtlesim' for CMake module files
[24.374s] Level 1:colcon.colcon_core.environment:checking '/home/aswarth/eyantra/eyrc_hb/hb_task1a_ws/install/turtlesim' for CMake config files
[24.374s] Level 1:colcon.colcon_core.shell:create_environment_hook('turtlesim', 'cmake_prefix_path')
[24.376s] INFO:colcon.colcon_core.shell:Creating environment hook '/home/aswarth/eyantra/eyrc_hb/hb_task1a_ws/install/turtlesim/share/turtlesim/hook/cmake_prefix_path.ps1'
[24.376s] INFO:colcon.colcon_core.shell:Creating environment descriptor '/home/aswarth/eyantra/eyrc_hb/hb_task1a_ws/install/turtlesim/share/turtlesim/hook/cmake_prefix_path.dsv'
[24.376s] INFO:colcon.colcon_core.shell:Creating environment hook '/home/aswarth/eyantra/eyrc_hb/hb_task1a_ws/install/turtlesim/share/turtlesim/hook/cmake_prefix_path.sh'
[24.377s] Level 1:colcon.colcon_core.environment:checking '/home/aswarth/eyantra/eyrc_hb/hb_task1a_ws/install/turtlesim/lib'
[24.377s] Level 1:colcon.colcon_core.shell:create_environment_hook('turtlesim', 'ld_library_path_lib')
[24.379s] INFO:colcon.colcon_core.shell:Creating environment hook '/home/aswarth/eyantra/eyrc_hb/hb_task1a_ws/install/turtlesim/share/turtlesim/hook/ld_library_path_lib.ps1'
[24.379s] INFO:colcon.colcon_core.shell:Creating environment descriptor '/home/aswarth/eyantra/eyrc_hb/hb_task1a_ws/install/turtlesim/share/turtlesim/hook/ld_library_path_lib.dsv'
[24.379s] INFO:colcon.colcon_core.shell:Creating environment hook '/home/aswarth/eyantra/eyrc_hb/hb_task1a_ws/install/turtlesim/share/turtlesim/hook/ld_library_path_lib.sh'
[24.379s] Level 1:colcon.colcon_core.environment:checking '/home/aswarth/eyantra/eyrc_hb/hb_task1a_ws/install/turtlesim/bin'
[24.379s] Level 1:colcon.colcon_core.environment:checking '/home/aswarth/eyantra/eyrc_hb/hb_task1a_ws/install/turtlesim/lib/pkgconfig/turtlesim.pc'
[24.380s] Level 1:colcon.colcon_core.environment:checking '/home/aswarth/eyantra/eyrc_hb/hb_task1a_ws/install/turtlesim/lib/python3.10/site-packages'
[24.380s] Level 1:colcon.colcon_core.environment:checking '/home/aswarth/eyantra/eyrc_hb/hb_task1a_ws/install/turtlesim/bin'
[24.381s] INFO:colcon.colcon_core.shell:Creating package script '/home/aswarth/eyantra/eyrc_hb/hb_task1a_ws/install/turtlesim/share/turtlesim/package.ps1'
[24.381s] INFO:colcon.colcon_core.shell:Creating package descriptor '/home/aswarth/eyantra/eyrc_hb/hb_task1a_ws/install/turtlesim/share/turtlesim/package.dsv'
[24.382s] INFO:colcon.colcon_core.shell:Creating package script '/home/aswarth/eyantra/eyrc_hb/hb_task1a_ws/install/turtlesim/share/turtlesim/package.sh'
[24.382s] INFO:colcon.colcon_core.shell:Creating package script '/home/aswarth/eyantra/eyrc_hb/hb_task1a_ws/install/turtlesim/share/turtlesim/package.bash'
[24.383s] INFO:colcon.colcon_core.shell:Creating package script '/home/aswarth/eyantra/eyrc_hb/hb_task1a_ws/install/turtlesim/share/turtlesim/package.zsh'
[24.383s] Level 1:colcon.colcon_core.environment:create_file_with_runtime_dependencies(/home/aswarth/eyantra/eyrc_hb/hb_task1a_ws/install/turtlesim/share/colcon-core/packages/turtlesim)
[24.760s] Level 1:colcon.colcon_core.environment:create_environment_scripts_only(turtlesim)
[24.764s] Level 1:colcon.colcon_core.environment:checking '/home/aswarth/eyantra/eyrc_hb/hb_task1a_ws/install/turtlesim' for CMake module files
[24.765s] Level 1:colcon.colcon_core.environment:checking '/home/aswarth/eyantra/eyrc_hb/hb_task1a_ws/install/turtlesim' for CMake config files
[24.765s] Level 1:colcon.colcon_core.shell:create_environment_hook('turtlesim', 'cmake_prefix_path')
[24.767s] INFO:colcon.colcon_core.shell:Creating environment hook '/home/aswarth/eyantra/eyrc_hb/hb_task1a_ws/install/turtlesim/share/turtlesim/hook/cmake_prefix_path.ps1'
[24.768s] INFO:colcon.colcon_core.shell:Creating environment descriptor '/home/aswarth/eyantra/eyrc_hb/hb_task1a_ws/install/turtlesim/share/turtlesim/hook/cmake_prefix_path.dsv'
[24.769s] INFO:colcon.colcon_core.shell:Creating environment hook '/home/aswarth/eyantra/eyrc_hb/hb_task1a_ws/install/turtlesim/share/turtlesim/hook/cmake_prefix_path.sh'
[24.769s] Level 1:colcon.colcon_core.environment:checking '/home/aswarth/eyantra/eyrc_hb/hb_task1a_ws/install/turtlesim/lib'
[24.770s] Level 1:colcon.colcon_core.shell:create_environment_hook('turtlesim', 'ld_library_path_lib')
[24.772s] INFO:colcon.colcon_core.shell:Creating environment hook '/home/aswarth/eyantra/eyrc_hb/hb_task1a_ws/install/turtlesim/share/turtlesim/hook/ld_library_path_lib.ps1'
[24.772s] INFO:colcon.colcon_core.shell:Creating environment descriptor '/home/aswarth/eyantra/eyrc_hb/hb_task1a_ws/install/turtlesim/share/turtlesim/hook/ld_library_path_lib.dsv'
[24.772s] INFO:colcon.colcon_core.shell:Creating environment hook '/home/aswarth/eyantra/eyrc_hb/hb_task1a_ws/install/turtlesim/share/turtlesim/hook/ld_library_path_lib.sh'
[24.773s] Level 1:colcon.colcon_core.environment:checking '/home/aswarth/eyantra/eyrc_hb/hb_task1a_ws/install/turtlesim/bin'
[24.773s] Level 1:colcon.colcon_core.environment:checking '/home/aswarth/eyantra/eyrc_hb/hb_task1a_ws/install/turtlesim/lib/pkgconfig/turtlesim.pc'
[24.773s] Level 1:colcon.colcon_core.environment:checking '/home/aswarth/eyantra/eyrc_hb/hb_task1a_ws/install/turtlesim/lib/python3.10/site-packages'
[24.773s] Level 1:colcon.colcon_core.environment:checking '/home/aswarth/eyantra/eyrc_hb/hb_task1a_ws/install/turtlesim/bin'
[24.775s] INFO:colcon.colcon_core.shell:Creating package script '/home/aswarth/eyantra/eyrc_hb/hb_task1a_ws/install/turtlesim/share/turtlesim/package.ps1'
[24.776s] INFO:colcon.colcon_core.shell:Creating package descriptor '/home/aswarth/eyantra/eyrc_hb/hb_task1a_ws/install/turtlesim/share/turtlesim/package.dsv'
[24.776s] INFO:colcon.colcon_core.shell:Creating package script '/home/aswarth/eyantra/eyrc_hb/hb_task1a_ws/install/turtlesim/share/turtlesim/package.sh'
[24.776s] INFO:colcon.colcon_core.shell:Creating package script '/home/aswarth/eyantra/eyrc_hb/hb_task1a_ws/install/turtlesim/share/turtlesim/package.bash'
[24.777s] INFO:colcon.colcon_core.shell:Creating package script '/home/aswarth/eyantra/eyrc_hb/hb_task1a_ws/install/turtlesim/share/turtlesim/package.zsh'
[24.777s] Level 1:colcon.colcon_core.environment:create_file_with_runtime_dependencies(/home/aswarth/eyantra/eyrc_hb/hb_task1a_ws/install/turtlesim/share/colcon-core/packages/turtlesim)
[24.777s] INFO:colcon.colcon_ros.task.ament_python.build:Building ROS package in '/home/aswarth/eyantra/eyrc_hb/hb_task1a_ws/src/hb_task_1a' with build type 'ament_python'
[24.777s] Level 1:colcon.colcon_core.shell:create_environment_hook('hb_task_1a', 'ament_prefix_path')
[24.779s] INFO:colcon.colcon_core.shell:Creating environment hook '/home/aswarth/eyantra/eyrc_hb/hb_task1a_ws/install/hb_task_1a/share/hb_task_1a/hook/ament_prefix_path.ps1'
[24.779s] INFO:colcon.colcon_core.shell:Creating environment descriptor '/home/aswarth/eyantra/eyrc_hb/hb_task1a_ws/install/hb_task_1a/share/hb_task_1a/hook/ament_prefix_path.dsv'
[24.780s] INFO:colcon.colcon_core.shell:Creating environment hook '/home/aswarth/eyantra/eyrc_hb/hb_task1a_ws/install/hb_task_1a/share/hb_task_1a/hook/ament_prefix_path.sh'
[24.781s] INFO:colcon.colcon_core.shell:Skip shell extension 'powershell' for command environment: Not usable outside of PowerShell
[24.781s] DEBUG:colcon.colcon_core.shell:Skip shell extension 'dsv' for command environment
[25.050s] INFO:colcon.colcon_core.task.python.build:Building Python package in '/home/aswarth/eyantra/eyrc_hb/hb_task1a_ws/src/hb_task_1a'
[25.052s] INFO:colcon.colcon_core.shell:Skip shell extension 'powershell' for command environment: Not usable outside of PowerShell
[25.052s] DEBUG:colcon.colcon_core.shell:Skip shell extension 'dsv' for command environment
[25.373s] DEBUG:colcon.colcon_core.event_handler.log_command:Invoking command in '/home/aswarth/eyantra/eyrc_hb/hb_task1a_ws/src/hb_task_1a': PYTHONPATH=/home/aswarth/eyantra/eyrc_hb/hb_task1a_ws/build/hb_task_1a/prefix_override:/home/aswarth/eyantra/eyrc_hb/hb_task1a_ws/install/hb_task_1a/lib/python3.10/site-packages:${PYTHONPATH} /usr/bin/python3 setup.py egg_info --egg-base ../../build/hb_task_1a build --build-base /home/aswarth/eyantra/eyrc_hb/hb_task1a_ws/build/hb_task_1a/build install --record /home/aswarth/eyantra/eyrc_hb/hb_task1a_ws/build/hb_task_1a/install.log --single-version-externally-managed
[25.656s] Level 1:colcon.colcon_core.environment:checking '/home/aswarth/eyantra/eyrc_hb/hb_task1a_ws/install/hb_task_1a' for CMake module files
[25.657s] DEBUG:colcon.colcon_core.event_handler.log_command:Invoked command in '/home/aswarth/eyantra/eyrc_hb/hb_task1a_ws/src/hb_task_1a' returned '0': PYTHONPATH=/home/aswarth/eyantra/eyrc_hb/hb_task1a_ws/build/hb_task_1a/prefix_override:/home/aswarth/eyantra/eyrc_hb/hb_task1a_ws/install/hb_task_1a/lib/python3.10/site-packages:${PYTHONPATH} /usr/bin/python3 setup.py egg_info --egg-base ../../build/hb_task_1a build --build-base /home/aswarth/eyantra/eyrc_hb/hb_task1a_ws/build/hb_task_1a/build install --record /home/aswarth/eyantra/eyrc_hb/hb_task1a_ws/build/hb_task_1a/install.log --single-version-externally-managed
[25.657s] Level 1:colcon.colcon_core.environment:checking '/home/aswarth/eyantra/eyrc_hb/hb_task1a_ws/install/hb_task_1a' for CMake config files
[25.658s] Level 1:colcon.colcon_core.environment:checking '/home/aswarth/eyantra/eyrc_hb/hb_task1a_ws/install/hb_task_1a/lib'
[25.658s] Level 1:colcon.colcon_core.environment:checking '/home/aswarth/eyantra/eyrc_hb/hb_task1a_ws/install/hb_task_1a/bin'
[25.658s] Level 1:colcon.colcon_core.environment:checking '/home/aswarth/eyantra/eyrc_hb/hb_task1a_ws/install/hb_task_1a/lib/pkgconfig/hb_task_1a.pc'
[25.658s] Level 1:colcon.colcon_core.environment:checking '/home/aswarth/eyantra/eyrc_hb/hb_task1a_ws/install/hb_task_1a/lib/python3.10/site-packages'
[25.658s] Level 1:colcon.colcon_core.shell:create_environment_hook('hb_task_1a', 'pythonpath')
[25.660s] INFO:colcon.colcon_core.shell:Creating environment hook '/home/aswarth/eyantra/eyrc_hb/hb_task1a_ws/install/hb_task_1a/share/hb_task_1a/hook/pythonpath.ps1'
[25.660s] INFO:colcon.colcon_core.shell:Creating environment descriptor '/home/aswarth/eyantra/eyrc_hb/hb_task1a_ws/install/hb_task_1a/share/hb_task_1a/hook/pythonpath.dsv'
[25.660s] INFO:colcon.colcon_core.shell:Creating environment hook '/home/aswarth/eyantra/eyrc_hb/hb_task1a_ws/install/hb_task_1a/share/hb_task_1a/hook/pythonpath.sh'
[25.660s] Level 1:colcon.colcon_core.environment:checking '/home/aswarth/eyantra/eyrc_hb/hb_task1a_ws/install/hb_task_1a/bin'
[25.660s] Level 1:colcon.colcon_core.environment:create_environment_scripts_only(hb_task_1a)
[25.662s] INFO:colcon.colcon_core.shell:Creating package script '/home/aswarth/eyantra/eyrc_hb/hb_task1a_ws/install/hb_task_1a/share/hb_task_1a/package.ps1'
[25.662s] INFO:colcon.colcon_core.shell:Creating package descriptor '/home/aswarth/eyantra/eyrc_hb/hb_task1a_ws/install/hb_task_1a/share/hb_task_1a/package.dsv'
[25.662s] INFO:colcon.colcon_core.shell:Creating package script '/home/aswarth/eyantra/eyrc_hb/hb_task1a_ws/install/hb_task_1a/share/hb_task_1a/package.sh'
[25.663s] INFO:colcon.colcon_core.shell:Creating package script '/home/aswarth/eyantra/eyrc_hb/hb_task1a_ws/install/hb_task_1a/share/hb_task_1a/package.bash'
[25.663s] INFO:colcon.colcon_core.shell:Creating package script '/home/aswarth/eyantra/eyrc_hb/hb_task1a_ws/install/hb_task_1a/share/hb_task_1a/package.zsh'
[25.663s] Level 1:colcon.colcon_core.environment:create_file_with_runtime_dependencies(/home/aswarth/eyantra/eyrc_hb/hb_task1a_ws/install/hb_task_1a/share/colcon-core/packages/hb_task_1a)
[25.663s] DEBUG:colcon.colcon_parallel_executor.executor.parallel:closing loop
[25.664s] DEBUG:colcon.colcon_parallel_executor.executor.parallel:loop closed
[25.664s] DEBUG:colcon.colcon_parallel_executor.executor.parallel:run_until_complete finished with '0'
[25.664s] DEBUG:colcon.colcon_core.event_reactor:joining thread
[25.669s] INFO:colcon.colcon_core.plugin_system:Skipping extension 'colcon_notification.desktop_notification.terminal_notifier': Not used on non-Darwin systems
[25.669s] INFO:colcon.colcon_core.plugin_system:Skipping extension 'colcon_notification.desktop_notification.win32': Not used on non-Windows systems
[25.669s] INFO:colcon.colcon_notification.desktop_notification:Sending desktop notification using 'notify2'
[25.684s] DEBUG:colcon.colcon_core.event_reactor:joined thread
[25.686s] INFO:colcon.colcon_core.shell:Creating prefix script '/home/aswarth/eyantra/eyrc_hb/hb_task1a_ws/install/local_setup.ps1'
[25.688s] INFO:colcon.colcon_core.shell:Creating prefix util module '/home/aswarth/eyantra/eyrc_hb/hb_task1a_ws/install/_local_setup_util_ps1.py'
[25.689s] INFO:colcon.colcon_core.shell:Creating prefix chain script '/home/aswarth/eyantra/eyrc_hb/hb_task1a_ws/install/setup.ps1'
[25.691s] INFO:colcon.colcon_core.shell:Creating prefix script '/home/aswarth/eyantra/eyrc_hb/hb_task1a_ws/install/local_setup.sh'
[25.692s] INFO:colcon.colcon_core.shell:Creating prefix util module '/home/aswarth/eyantra/eyrc_hb/hb_task1a_ws/install/_local_setup_util_sh.py'
[25.692s] INFO:colcon.colcon_core.shell:Creating prefix chain script '/home/aswarth/eyantra/eyrc_hb/hb_task1a_ws/install/setup.sh'
[25.694s] INFO:colcon.colcon_core.shell:Creating prefix script '/home/aswarth/eyantra/eyrc_hb/hb_task1a_ws/install/local_setup.bash'
[25.695s] INFO:colcon.colcon_core.shell:Creating prefix chain script '/home/aswarth/eyantra/eyrc_hb/hb_task1a_ws/install/setup.bash'
[25.696s] INFO:colcon.colcon_core.shell:Creating prefix script '/home/aswarth/eyantra/eyrc_hb/hb_task1a_ws/install/local_setup.zsh'
[25.697s] INFO:colcon.colcon_core.shell:Creating prefix chain script '/home/aswarth/eyantra/eyrc_hb/hb_task1a_ws/install/setup.zsh'
