[1.200s] Invoking command in '/home/aswarth/eyantra/eyrc_hb/hb_task1b_ws/src/hb_task_1b': PYTHONPATH=/home/aswarth/eyantra/eyrc_hb/hb_task1b_ws/build/hb_task_1b/prefix_override:/home/aswarth/eyantra/eyrc_hb/hb_task1b_ws/install/hb_task_1b/lib/python3.10/site-packages:${PYTHONPATH} /usr/bin/python3 setup.py egg_info --egg-base ../../build/hb_task_1b build --build-base /home/aswarth/eyantra/eyrc_hb/hb_task1b_ws/build/hb_task_1b/build install --record /home/aswarth/eyantra/eyrc_hb/hb_task1b_ws/build/hb_task_1b/install.log --single-version-externally-managed
[1.600s] running egg_info
[1.601s] creating ../../build/hb_task_1b/hb_task_1b.egg-info
[1.602s] writing ../../build/hb_task_1b/hb_task_1b.egg-info/PKG-INFO
[1.602s] writing dependency_links to ../../build/hb_task_1b/hb_task_1b.egg-info/dependency_links.txt
[1.602s] writing entry points to ../../build/hb_task_1b/hb_task_1b.egg-info/entry_points.txt
[1.602s] writing requirements to ../../build/hb_task_1b/hb_task_1b.egg-info/requires.txt
[1.602s] writing top-level names to ../../build/hb_task_1b/hb_task_1b.egg-info/top_level.txt
[1.602s] writing manifest file '../../build/hb_task_1b/hb_task_1b.egg-info/SOURCES.txt'
[1.605s] reading manifest file '../../build/hb_task_1b/hb_task_1b.egg-info/SOURCES.txt'
[1.606s] writing manifest file '../../build/hb_task_1b/hb_task_1b.egg-info/SOURCES.txt'
[1.606s] running build
[1.606s] running build_py
[1.606s] creating /home/aswarth/eyantra/eyrc_hb/hb_task1b_ws/build/hb_task_1b/build
[1.606s] creating /home/aswarth/eyantra/eyrc_hb/hb_task1b_ws/build/hb_task_1b/build/lib
[1.606s] creating /home/aswarth/eyantra/eyrc_hb/hb_task1b_ws/build/hb_task_1b/build/lib/hb_task_1b
[1.607s] copying hb_task_1b/__init__.py -> /home/aswarth/eyantra/eyrc_hb/hb_task1b_ws/build/hb_task_1b/build/lib/hb_task_1b
[1.607s] running install
[1.607s] running install_lib
[1.607s] creating /home/aswarth/eyantra/eyrc_hb/hb_task1b_ws/install/hb_task_1b/lib/python3.10/site-packages/hb_task_1b
[1.608s] copying /home/aswarth/eyantra/eyrc_hb/hb_task1b_ws/build/hb_task_1b/build/lib/hb_task_1b/__init__.py -> /home/aswarth/eyantra/eyrc_hb/hb_task1b_ws/install/hb_task_1b/lib/python3.10/site-packages/hb_task_1b
[1.608s] byte-compiling /home/aswarth/eyantra/eyrc_hb/hb_task1b_ws/install/hb_task_1b/lib/python3.10/site-packages/hb_task_1b/__init__.py to __init__.cpython-310.pyc
[1.608s] running install_data
[1.609s] creating /home/aswarth/eyantra/eyrc_hb/hb_task1b_ws/install/hb_task_1b/share/ament_index
[1.610s] creating /home/aswarth/eyantra/eyrc_hb/hb_task1b_ws/install/hb_task_1b/share/ament_index/resource_index
[1.610s] creating /home/aswarth/eyantra/eyrc_hb/hb_task1b_ws/install/hb_task_1b/share/ament_index/resource_index/packages
[1.610s] copying resource/hb_task_1b -> /home/aswarth/eyantra/eyrc_hb/hb_task1b_ws/install/hb_task_1b/share/ament_index/resource_index/packages
[1.610s] copying package.xml -> /home/aswarth/eyantra/eyrc_hb/hb_task1b_ws/install/hb_task_1b/share/hb_task_1b
[1.610s] copying launch/gazebo.launch.py -> /home/aswarth/eyantra/eyrc_hb/hb_task1b_ws/install/hb_task_1b/share/hb_task_1b
[1.610s] copying launch/hb_task_1b.launch.py -> /home/aswarth/eyantra/eyrc_hb/hb_task1b_ws/install/hb_task_1b/share/hb_task_1b
[1.610s] creating /home/aswarth/eyantra/eyrc_hb/hb_task1b_ws/install/hb_task_1b/share/hb_task_1b/urdf
[1.610s] copying urdf/hb_bot.urdf.xacro -> /home/aswarth/eyantra/eyrc_hb/hb_task1b_ws/install/hb_task_1b/share/hb_task_1b/urdf
[1.610s] copying urdf/materials.xacro -> /home/aswarth/eyantra/eyrc_hb/hb_task1b_ws/install/hb_task_1b/share/hb_task_1b/urdf
[1.611s] creating /home/aswarth/eyantra/eyrc_hb/hb_task1b_ws/install/hb_task_1b/lib/hb_task_1b
[1.611s] copying scripts/service_node.py -> /home/aswarth/eyantra/eyrc_hb/hb_task1b_ws/install/hb_task_1b/lib/hb_task_1b
[1.611s] copying scripts/controller.py -> /home/aswarth/eyantra/eyrc_hb/hb_task1b_ws/install/hb_task_1b/lib/hb_task_1b
[1.611s] running install_egg_info
[1.613s] Copying ../../build/hb_task_1b/hb_task_1b.egg-info to /home/aswarth/eyantra/eyrc_hb/hb_task1b_ws/install/hb_task_1b/lib/python3.10/site-packages/hb_task_1b-0.0.0-py3.10.egg-info
[1.614s] running install_scripts
[1.643s] writing list of installed files to '/home/aswarth/eyantra/eyrc_hb/hb_task1b_ws/build/hb_task_1b/install.log'
[1.677s] Invoked command in '/home/aswarth/eyantra/eyrc_hb/hb_task1b_ws/src/hb_task_1b' returned '0': PYTHONPATH=/home/aswarth/eyantra/eyrc_hb/hb_task1b_ws/build/hb_task_1b/prefix_override:/home/aswarth/eyantra/eyrc_hb/hb_task1b_ws/install/hb_task_1b/lib/python3.10/site-packages:${PYTHONPATH} /usr/bin/python3 setup.py egg_info --egg-base ../../build/hb_task_1b build --build-base /home/aswarth/eyantra/eyrc_hb/hb_task1b_ws/build/hb_task_1b/build install --record /home/aswarth/eyantra/eyrc_hb/hb_task1b_ws/build/hb_task_1b/install.log --single-version-externally-managed
