[1.584s] DEBUG:colcon:Command line arguments: ['/usr/bin/colcon', 'build', '--cmake-args', '-Wno-dev']
[1.584s] DEBUG:colcon:Parsed command line arguments: Namespace(log_base=None, log_level=None, verb_name='build', build_base='build', install_base='install', merge_install=False, symlink_install=False, test_result_base=None, continue_on_error=False, executor='parallel', parallel_workers=16, event_handlers=None, ignore_user_meta=False, metas=['./colcon.meta'], base_paths=['.'], packages_ignore=None, packages_ignore_regex=None, paths=None, packages_up_to=None, packages_up_to_regex=None, packages_above=None, packages_above_and_dependencies=None, packages_above_depth=None, packages_select_by_dep=None, packages_skip_by_dep=None, packages_skip_up_to=None, packages_select_build_failed=False, packages_skip_build_finished=False, packages_select_test_failures=False, packages_skip_test_passed=False, packages_select=None, packages_skip=None, packages_select_regex=None, packages_skip_regex=None, packages_start=None, packages_end=None, allow_overriding=[], cmake_args=['-Wno-dev'], cmake_target=None, cmake_target_skip_unavailable=False, cmake_clean_cache=False, cmake_clean_first=False, cmake_force_configure=False, ament_cmake_args=None, catkin_cmake_args=None, catkin_skip_building_tests=False, verb_parser=<colcon_defaults.argument_parser.defaults.DefaultArgumentsDecorator object at 0x7fab584db040>, verb_extension=<colcon_core.verb.build.BuildVerb object at 0x7fab584dab30>, main=<bound method BuildVerb.main of <colcon_core.verb.build.BuildVerb object at 0x7fab584dab30>>)
[1.652s] Level 1:colcon.colcon_core.package_discovery:discover_packages(colcon_meta) check parameters
[1.652s] Level 1:colcon.colcon_core.package_discovery:discover_packages(recursive) check parameters
[1.653s] Level 1:colcon.colcon_core.package_discovery:discover_packages(ignore) check parameters
[1.653s] Level 1:colcon.colcon_core.package_discovery:discover_packages(path) check parameters
[1.653s] Level 1:colcon.colcon_core.package_discovery:discover_packages(colcon_meta) discover
[1.653s] Level 1:colcon.colcon_core.package_discovery:discover_packages(recursive) discover
[1.653s] INFO:colcon.colcon_core.package_discovery:Crawling recursively for packages in '/home/aswarth/eyantra/eyrc_hb/hb_task1b_ws'
[1.653s] Level 1:colcon.colcon_core.package_identification:_identify(.) by extensions ['ignore', 'ignore_ament_install']
[1.653s] Level 1:colcon.colcon_core.package_identification:_identify(.) by extension 'ignore'
[1.653s] Level 1:colcon.colcon_core.package_identification:_identify(.) by extension 'ignore_ament_install'
[1.653s] Level 1:colcon.colcon_core.package_identification:_identify(.) by extensions ['colcon_pkg']
[1.653s] Level 1:colcon.colcon_core.package_identification:_identify(.) by extension 'colcon_pkg'
[1.653s] Level 1:colcon.colcon_core.package_identification:_identify(.) by extensions ['colcon_meta']
[1.653s] Level 1:colcon.colcon_core.package_identification:_identify(.) by extension 'colcon_meta'
[1.653s] Level 1:colcon.colcon_core.package_identification:_identify(.) by extensions ['ros']
[1.653s] Level 1:colcon.colcon_core.package_identification:_identify(.) by extension 'ros'
[1.669s] Level 1:colcon.colcon_core.package_identification:_identify(.) by extensions ['cmake', 'python']
[1.669s] Level 1:colcon.colcon_core.package_identification:_identify(.) by extension 'cmake'
[1.669s] Level 1:colcon.colcon_core.package_identification:_identify(.) by extension 'python'
[1.669s] Level 1:colcon.colcon_core.package_identification:_identify(.) by extensions ['python_setup_py']
[1.669s] Level 1:colcon.colcon_core.package_identification:_identify(.) by extension 'python_setup_py'
[1.669s] Level 1:colcon.colcon_core.package_identification:_identify(build) by extensions ['ignore', 'ignore_ament_install']
[1.669s] Level 1:colcon.colcon_core.package_identification:_identify(build) by extension 'ignore'
[1.669s] Level 1:colcon.colcon_core.package_identification:_identify(build) ignored
[1.669s] Level 1:colcon.colcon_core.package_identification:_identify(install) by extensions ['ignore', 'ignore_ament_install']
[1.670s] Level 1:colcon.colcon_core.package_identification:_identify(install) by extension 'ignore'
[1.670s] Level 1:colcon.colcon_core.package_identification:_identify(install) ignored
[1.670s] Level 1:colcon.colcon_core.package_identification:_identify(log) by extensions ['ignore', 'ignore_ament_install']
[1.670s] Level 1:colcon.colcon_core.package_identification:_identify(log) by extension 'ignore'
[1.670s] Level 1:colcon.colcon_core.package_identification:_identify(log) ignored
[1.670s] Level 1:colcon.colcon_core.package_identification:_identify(old_submission) by extensions ['ignore', 'ignore_ament_install']
[1.670s] Level 1:colcon.colcon_core.package_identification:_identify(old_submission) by extension 'ignore'
[1.670s] Level 1:colcon.colcon_core.package_identification:_identify(old_submission) by extension 'ignore_ament_install'
[1.670s] Level 1:colcon.colcon_core.package_identification:_identify(old_submission) by extensions ['colcon_pkg']
[1.670s] Level 1:colcon.colcon_core.package_identification:_identify(old_submission) by extension 'colcon_pkg'
[1.670s] Level 1:colcon.colcon_core.package_identification:_identify(old_submission) by extensions ['colcon_meta']
[1.670s] Level 1:colcon.colcon_core.package_identification:_identify(old_submission) by extension 'colcon_meta'
[1.670s] Level 1:colcon.colcon_core.package_identification:_identify(old_submission) by extensions ['ros']
[1.670s] Level 1:colcon.colcon_core.package_identification:_identify(old_submission) by extension 'ros'
[1.671s] Level 1:colcon.colcon_core.package_identification:_identify(old_submission) by extensions ['cmake', 'python']
[1.671s] Level 1:colcon.colcon_core.package_identification:_identify(old_submission) by extension 'cmake'
[1.671s] Level 1:colcon.colcon_core.package_identification:_identify(old_submission) by extension 'python'
[1.671s] Level 1:colcon.colcon_core.package_identification:_identify(old_submission) by extensions ['python_setup_py']
[1.671s] Level 1:colcon.colcon_core.package_identification:_identify(old_submission) by extension 'python_setup_py'
[1.671s] Level 1:colcon.colcon_core.package_identification:_identify(old_submission/rosbag2_2023_10_04-17_26_22) by extensions ['ignore', 'ignore_ament_install']
[1.671s] Level 1:colcon.colcon_core.package_identification:_identify(old_submission/rosbag2_2023_10_04-17_26_22) by extension 'ignore'
[1.671s] Level 1:colcon.colcon_core.package_identification:_identify(old_submission/rosbag2_2023_10_04-17_26_22) by extension 'ignore_ament_install'
[1.671s] Level 1:colcon.colcon_core.package_identification:_identify(old_submission/rosbag2_2023_10_04-17_26_22) by extensions ['colcon_pkg']
[1.671s] Level 1:colcon.colcon_core.package_identification:_identify(old_submission/rosbag2_2023_10_04-17_26_22) by extension 'colcon_pkg'
[1.671s] Level 1:colcon.colcon_core.package_identification:_identify(old_submission/rosbag2_2023_10_04-17_26_22) by extensions ['colcon_meta']
[1.671s] Level 1:colcon.colcon_core.package_identification:_identify(old_submission/rosbag2_2023_10_04-17_26_22) by extension 'colcon_meta'
[1.671s] Level 1:colcon.colcon_core.package_identification:_identify(old_submission/rosbag2_2023_10_04-17_26_22) by extensions ['ros']
[1.671s] Level 1:colcon.colcon_core.package_identification:_identify(old_submission/rosbag2_2023_10_04-17_26_22) by extension 'ros'
[1.671s] Level 1:colcon.colcon_core.package_identification:_identify(old_submission/rosbag2_2023_10_04-17_26_22) by extensions ['cmake', 'python']
[1.671s] Level 1:colcon.colcon_core.package_identification:_identify(old_submission/rosbag2_2023_10_04-17_26_22) by extension 'cmake'
[1.671s] Level 1:colcon.colcon_core.package_identification:_identify(old_submission/rosbag2_2023_10_04-17_26_22) by extension 'python'
[1.671s] Level 1:colcon.colcon_core.package_identification:_identify(old_submission/rosbag2_2023_10_04-17_26_22) by extensions ['python_setup_py']
[1.672s] Level 1:colcon.colcon_core.package_identification:_identify(old_submission/rosbag2_2023_10_04-17_26_22) by extension 'python_setup_py'
[1.672s] Level 1:colcon.colcon_core.package_identification:_identify(old_submission/submission) by extensions ['ignore', 'ignore_ament_install']
[1.672s] Level 1:colcon.colcon_core.package_identification:_identify(old_submission/submission) by extension 'ignore'
[1.672s] Level 1:colcon.colcon_core.package_identification:_identify(old_submission/submission) by extension 'ignore_ament_install'
[1.672s] Level 1:colcon.colcon_core.package_identification:_identify(old_submission/submission) by extensions ['colcon_pkg']
[1.672s] Level 1:colcon.colcon_core.package_identification:_identify(old_submission/submission) by extension 'colcon_pkg'
[1.672s] Level 1:colcon.colcon_core.package_identification:_identify(old_submission/submission) by extensions ['colcon_meta']
[1.672s] Level 1:colcon.colcon_core.package_identification:_identify(old_submission/submission) by extension 'colcon_meta'
[1.672s] Level 1:colcon.colcon_core.package_identification:_identify(old_submission/submission) by extensions ['ros']
[1.672s] Level 1:colcon.colcon_core.package_identification:_identify(old_submission/submission) by extension 'ros'
[1.672s] Level 1:colcon.colcon_core.package_identification:_identify(old_submission/submission) by extensions ['cmake', 'python']
[1.672s] Level 1:colcon.colcon_core.package_identification:_identify(old_submission/submission) by extension 'cmake'
[1.672s] Level 1:colcon.colcon_core.package_identification:_identify(old_submission/submission) by extension 'python'
[1.672s] Level 1:colcon.colcon_core.package_identification:_identify(old_submission/submission) by extensions ['python_setup_py']
[1.672s] Level 1:colcon.colcon_core.package_identification:_identify(old_submission/submission) by extension 'python_setup_py'
[1.672s] Level 1:colcon.colcon_core.package_identification:_identify(rosbag2_2023_10_05-23_16_16) by extensions ['ignore', 'ignore_ament_install']
[1.672s] Level 1:colcon.colcon_core.package_identification:_identify(rosbag2_2023_10_05-23_16_16) by extension 'ignore'
[1.672s] Level 1:colcon.colcon_core.package_identification:_identify(rosbag2_2023_10_05-23_16_16) by extension 'ignore_ament_install'
[1.673s] Level 1:colcon.colcon_core.package_identification:_identify(rosbag2_2023_10_05-23_16_16) by extensions ['colcon_pkg']
[1.673s] Level 1:colcon.colcon_core.package_identification:_identify(rosbag2_2023_10_05-23_16_16) by extension 'colcon_pkg'
[1.673s] Level 1:colcon.colcon_core.package_identification:_identify(rosbag2_2023_10_05-23_16_16) by extensions ['colcon_meta']
[1.673s] Level 1:colcon.colcon_core.package_identification:_identify(rosbag2_2023_10_05-23_16_16) by extension 'colcon_meta'
[1.673s] Level 1:colcon.colcon_core.package_identification:_identify(rosbag2_2023_10_05-23_16_16) by extensions ['ros']
[1.673s] Level 1:colcon.colcon_core.package_identification:_identify(rosbag2_2023_10_05-23_16_16) by extension 'ros'
[1.673s] Level 1:colcon.colcon_core.package_identification:_identify(rosbag2_2023_10_05-23_16_16) by extensions ['cmake', 'python']
[1.673s] Level 1:colcon.colcon_core.package_identification:_identify(rosbag2_2023_10_05-23_16_16) by extension 'cmake'
[1.673s] Level 1:colcon.colcon_core.package_identification:_identify(rosbag2_2023_10_05-23_16_16) by extension 'python'
[1.673s] Level 1:colcon.colcon_core.package_identification:_identify(rosbag2_2023_10_05-23_16_16) by extensions ['python_setup_py']
[1.673s] Level 1:colcon.colcon_core.package_identification:_identify(rosbag2_2023_10_05-23_16_16) by extension 'python_setup_py'
[1.673s] Level 1:colcon.colcon_core.package_identification:_identify(src) by extensions ['ignore', 'ignore_ament_install']
[1.673s] Level 1:colcon.colcon_core.package_identification:_identify(src) by extension 'ignore'
[1.673s] Level 1:colcon.colcon_core.package_identification:_identify(src) by extension 'ignore_ament_install'
[1.673s] Level 1:colcon.colcon_core.package_identification:_identify(src) by extensions ['colcon_pkg']
[1.673s] Level 1:colcon.colcon_core.package_identification:_identify(src) by extension 'colcon_pkg'
[1.673s] Level 1:colcon.colcon_core.package_identification:_identify(src) by extensions ['colcon_meta']
[1.673s] Level 1:colcon.colcon_core.package_identification:_identify(src) by extension 'colcon_meta'
[1.673s] Level 1:colcon.colcon_core.package_identification:_identify(src) by extensions ['ros']
[1.673s] Level 1:colcon.colcon_core.package_identification:_identify(src) by extension 'ros'
[1.674s] Level 1:colcon.colcon_core.package_identification:_identify(src) by extensions ['cmake', 'python']
[1.674s] Level 1:colcon.colcon_core.package_identification:_identify(src) by extension 'cmake'
[1.674s] Level 1:colcon.colcon_core.package_identification:_identify(src) by extension 'python'
[1.674s] Level 1:colcon.colcon_core.package_identification:_identify(src) by extensions ['python_setup_py']
[1.674s] Level 1:colcon.colcon_core.package_identification:_identify(src) by extension 'python_setup_py'
[1.674s] Level 1:colcon.colcon_core.package_identification:_identify(src/hb_task_1b) by extensions ['ignore', 'ignore_ament_install']
[1.674s] Level 1:colcon.colcon_core.package_identification:_identify(src/hb_task_1b) by extension 'ignore'
[1.674s] Level 1:colcon.colcon_core.package_identification:_identify(src/hb_task_1b) by extension 'ignore_ament_install'
[1.674s] Level 1:colcon.colcon_core.package_identification:_identify(src/hb_task_1b) by extensions ['colcon_pkg']
[1.674s] Level 1:colcon.colcon_core.package_identification:_identify(src/hb_task_1b) by extension 'colcon_pkg'
[1.674s] Level 1:colcon.colcon_core.package_identification:_identify(src/hb_task_1b) by extensions ['colcon_meta']
[1.674s] Level 1:colcon.colcon_core.package_identification:_identify(src/hb_task_1b) by extension 'colcon_meta'
[1.674s] Level 1:colcon.colcon_core.package_identification:_identify(src/hb_task_1b) by extensions ['ros']
[1.674s] Level 1:colcon.colcon_core.package_identification:_identify(src/hb_task_1b) by extension 'ros'
[1.678s] DEBUG:colcon.colcon_core.package_identification:Package 'src/hb_task_1b' with type 'ros.ament_python' and name 'hb_task_1b'
[1.678s] Level 1:colcon.colcon_core.package_identification:_identify(src/my_robot_interfaces) by extensions ['ignore', 'ignore_ament_install']
[1.678s] Level 1:colcon.colcon_core.package_identification:_identify(src/my_robot_interfaces) by extension 'ignore'
[1.678s] Level 1:colcon.colcon_core.package_identification:_identify(src/my_robot_interfaces) by extension 'ignore_ament_install'
[1.678s] Level 1:colcon.colcon_core.package_identification:_identify(src/my_robot_interfaces) by extensions ['colcon_pkg']
[1.678s] Level 1:colcon.colcon_core.package_identification:_identify(src/my_robot_interfaces) by extension 'colcon_pkg'
[1.678s] Level 1:colcon.colcon_core.package_identification:_identify(src/my_robot_interfaces) by extensions ['colcon_meta']
[1.678s] Level 1:colcon.colcon_core.package_identification:_identify(src/my_robot_interfaces) by extension 'colcon_meta'
[1.678s] Level 1:colcon.colcon_core.package_identification:_identify(src/my_robot_interfaces) by extensions ['ros']
[1.678s] Level 1:colcon.colcon_core.package_identification:_identify(src/my_robot_interfaces) by extension 'ros'
[1.679s] DEBUG:colcon.colcon_core.package_identification:Package 'src/my_robot_interfaces' with type 'ros.ament_cmake' and name 'my_robot_interfaces'
[1.679s] Level 1:colcon.colcon_core.package_identification:_identify(submission_updated) by extensions ['ignore', 'ignore_ament_install']
[1.679s] Level 1:colcon.colcon_core.package_identification:_identify(submission_updated) by extension 'ignore'
[1.679s] Level 1:colcon.colcon_core.package_identification:_identify(submission_updated) by extension 'ignore_ament_install'
[1.679s] Level 1:colcon.colcon_core.package_identification:_identify(submission_updated) by extensions ['colcon_pkg']
[1.679s] Level 1:colcon.colcon_core.package_identification:_identify(submission_updated) by extension 'colcon_pkg'
[1.679s] Level 1:colcon.colcon_core.package_identification:_identify(submission_updated) by extensions ['colcon_meta']
[1.679s] Level 1:colcon.colcon_core.package_identification:_identify(submission_updated) by extension 'colcon_meta'
[1.679s] Level 1:colcon.colcon_core.package_identification:_identify(submission_updated) by extensions ['ros']
[1.679s] Level 1:colcon.colcon_core.package_identification:_identify(submission_updated) by extension 'ros'
[1.680s] Level 1:colcon.colcon_core.package_identification:_identify(submission_updated) by extensions ['cmake', 'python']
[1.680s] Level 1:colcon.colcon_core.package_identification:_identify(submission_updated) by extension 'cmake'
[1.680s] Level 1:colcon.colcon_core.package_identification:_identify(submission_updated) by extension 'python'
[1.680s] Level 1:colcon.colcon_core.package_identification:_identify(submission_updated) by extensions ['python_setup_py']
[1.680s] Level 1:colcon.colcon_core.package_identification:_identify(submission_updated) by extension 'python_setup_py'
[1.680s] Level 1:colcon.colcon_core.package_discovery:discover_packages(recursive) using defaults
[1.680s] Level 1:colcon.colcon_core.package_discovery:discover_packages(ignore) discover
[1.680s] Level 1:colcon.colcon_core.package_discovery:discover_packages(ignore) using defaults
[1.680s] Level 1:colcon.colcon_core.package_discovery:discover_packages(path) discover
[1.680s] Level 1:colcon.colcon_core.package_discovery:discover_packages(path) using defaults
[1.819s] Level 1:colcon.colcon_core.package_discovery:discover_packages(prefix_path) check parameters
[1.819s] Level 1:colcon.colcon_core.package_discovery:discover_packages(prefix_path) discover
[1.880s] DEBUG:colcon.colcon_installed_package_information.package_discovery:Found 280 installed packages in /opt/ros/humble
[1.881s] Level 1:colcon.colcon_core.package_discovery:discover_packages(prefix_path) using defaults
[2.003s] Level 5:colcon.colcon_core.verb:set package 'hb_task_1b' build argument 'cmake_args' from command line to '['-Wno-dev']'
[2.003s] Level 5:colcon.colcon_core.verb:set package 'hb_task_1b' build argument 'cmake_target' from command line to 'None'
[2.003s] Level 5:colcon.colcon_core.verb:set package 'hb_task_1b' build argument 'cmake_target_skip_unavailable' from command line to 'False'
[2.003s] Level 5:colcon.colcon_core.verb:set package 'hb_task_1b' build argument 'cmake_clean_cache' from command line to 'False'
[2.003s] Level 5:colcon.colcon_core.verb:set package 'hb_task_1b' build argument 'cmake_clean_first' from command line to 'False'
[2.003s] Level 5:colcon.colcon_core.verb:set package 'hb_task_1b' build argument 'cmake_force_configure' from command line to 'False'
[2.003s] Level 5:colcon.colcon_core.verb:set package 'hb_task_1b' build argument 'ament_cmake_args' from command line to 'None'
[2.003s] Level 5:colcon.colcon_core.verb:set package 'hb_task_1b' build argument 'catkin_cmake_args' from command line to 'None'
[2.003s] Level 5:colcon.colcon_core.verb:set package 'hb_task_1b' build argument 'catkin_skip_building_tests' from command line to 'False'
[2.003s] DEBUG:colcon.colcon_core.verb:Building package 'hb_task_1b' with the following arguments: {'ament_cmake_args': None, 'build_base': '/home/aswarth/eyantra/eyrc_hb/hb_task1b_ws/build/hb_task_1b', 'catkin_cmake_args': None, 'catkin_skip_building_tests': False, 'cmake_args': ['-Wno-dev'], 'cmake_clean_cache': False, 'cmake_clean_first': False, 'cmake_force_configure': False, 'cmake_target': None, 'cmake_target_skip_unavailable': False, 'install_base': '/home/aswarth/eyantra/eyrc_hb/hb_task1b_ws/install/hb_task_1b', 'merge_install': False, 'path': '/home/aswarth/eyantra/eyrc_hb/hb_task1b_ws/src/hb_task_1b', 'symlink_install': False, 'test_result_base': None}
[2.026s] Level 5:colcon.colcon_core.verb:set package 'my_robot_interfaces' build argument 'cmake_args' from command line to '['-Wno-dev']'
[2.026s] Level 5:colcon.colcon_core.verb:set package 'my_robot_interfaces' build argument 'cmake_target' from command line to 'None'
[2.026s] Level 5:colcon.colcon_core.verb:set package 'my_robot_interfaces' build argument 'cmake_target_skip_unavailable' from command line to 'False'
[2.026s] Level 5:colcon.colcon_core.verb:set package 'my_robot_interfaces' build argument 'cmake_clean_cache' from command line to 'False'
[2.026s] Level 5:colcon.colcon_core.verb:set package 'my_robot_interfaces' build argument 'cmake_clean_first' from command line to 'False'
[2.026s] Level 5:colcon.colcon_core.verb:set package 'my_robot_interfaces' build argument 'cmake_force_configure' from command line to 'False'
[2.026s] Level 5:colcon.colcon_core.verb:set package 'my_robot_interfaces' build argument 'ament_cmake_args' from command line to 'None'
[2.026s] Level 5:colcon.colcon_core.verb:set package 'my_robot_interfaces' build argument 'catkin_cmake_args' from command line to 'None'
[2.026s] Level 5:colcon.colcon_core.verb:set package 'my_robot_interfaces' build argument 'catkin_skip_building_tests' from command line to 'False'
[2.026s] DEBUG:colcon.colcon_core.verb:Building package 'my_robot_interfaces' with the following arguments: {'ament_cmake_args': None, 'build_base': '/home/aswarth/eyantra/eyrc_hb/hb_task1b_ws/build/my_robot_interfaces', 'catkin_cmake_args': None, 'catkin_skip_building_tests': False, 'cmake_args': ['-Wno-dev'], 'cmake_clean_cache': False, 'cmake_clean_first': False, 'cmake_force_configure': False, 'cmake_target': None, 'cmake_target_skip_unavailable': False, 'install_base': '/home/aswarth/eyantra/eyrc_hb/hb_task1b_ws/install/my_robot_interfaces', 'merge_install': False, 'path': '/home/aswarth/eyantra/eyrc_hb/hb_task1b_ws/src/my_robot_interfaces', 'symlink_install': False, 'test_result_base': None}
[2.049s] INFO:colcon.colcon_core.executor:Executing jobs using 'parallel' executor
[2.074s] DEBUG:colcon.colcon_parallel_executor.executor.parallel:run_until_complete
[2.074s] INFO:colcon.colcon_ros.task.ament_python.build:Building ROS package in '/home/aswarth/eyantra/eyrc_hb/hb_task1b_ws/src/hb_task_1b' with build type 'ament_python'
[2.074s] Level 1:colcon.colcon_core.shell:create_environment_hook('hb_task_1b', 'ament_prefix_path')
[2.099s] INFO:colcon.colcon_core.plugin_system:Skipping extension 'colcon_core.shell.bat': Not used on non-Windows systems
[2.100s] INFO:colcon.colcon_core.shell:Creating environment hook '/home/aswarth/eyantra/eyrc_hb/hb_task1b_ws/install/hb_task_1b/share/hb_task_1b/hook/ament_prefix_path.ps1'
[2.100s] INFO:colcon.colcon_core.shell:Creating environment descriptor '/home/aswarth/eyantra/eyrc_hb/hb_task1b_ws/install/hb_task_1b/share/hb_task_1b/hook/ament_prefix_path.dsv'
[2.101s] INFO:colcon.colcon_core.shell:Creating environment hook '/home/aswarth/eyantra/eyrc_hb/hb_task1b_ws/install/hb_task_1b/share/hb_task_1b/hook/ament_prefix_path.sh'
[2.123s] INFO:colcon.colcon_core.shell:Skip shell extension 'powershell' for command environment: Not usable outside of PowerShell
[2.123s] DEBUG:colcon.colcon_core.shell:Skip shell extension 'dsv' for command environment
[2.174s] INFO:colcon.colcon_ros.task.ament_cmake.build:Building ROS package in '/home/aswarth/eyantra/eyrc_hb/hb_task1b_ws/src/my_robot_interfaces' with build type 'ament_cmake'
[2.175s] INFO:colcon.colcon_cmake.task.cmake.build:Building CMake package in '/home/aswarth/eyantra/eyrc_hb/hb_task1b_ws/src/my_robot_interfaces'
[2.202s] INFO:colcon.colcon_core.shell:Skip shell extension 'powershell' for command environment: Not usable outside of PowerShell
[2.202s] DEBUG:colcon.colcon_core.shell:Skip shell extension 'dsv' for command environment
[2.658s] INFO:colcon.colcon_core.task.python.build:Building Python package in '/home/aswarth/eyantra/eyrc_hb/hb_task1b_ws/src/hb_task_1b'
[2.683s] INFO:colcon.colcon_core.shell:Skip shell extension 'powershell' for command environment: Not usable outside of PowerShell
[2.683s] DEBUG:colcon.colcon_core.shell:Skip shell extension 'dsv' for command environment
[2.743s] DEBUG:colcon.colcon_core.event_handler.log_command:Invoking command in '/home/aswarth/eyantra/eyrc_hb/hb_task1b_ws/build/my_robot_interfaces': CMAKE_PREFIX_PATH=/opt/ros/humble /home/aswarth/.local/bin/cmake /home/aswarth/eyantra/eyrc_hb/hb_task1b_ws/src/my_robot_interfaces -Wno-dev -DCMAKE_INSTALL_PREFIX=/home/aswarth/eyantra/eyrc_hb/hb_task1b_ws/install/my_robot_interfaces
[3.275s] DEBUG:colcon.colcon_core.event_handler.log_command:Invoking command in '/home/aswarth/eyantra/eyrc_hb/hb_task1b_ws/src/hb_task_1b': PYTHONPATH=/home/aswarth/eyantra/eyrc_hb/hb_task1b_ws/build/hb_task_1b/prefix_override:/home/aswarth/eyantra/eyrc_hb/hb_task1b_ws/install/hb_task_1b/lib/python3.10/site-packages:${PYTHONPATH} /usr/bin/python3 setup.py egg_info --egg-base ../../build/hb_task_1b build --build-base /home/aswarth/eyantra/eyrc_hb/hb_task1b_ws/build/hb_task_1b/build install --record /home/aswarth/eyantra/eyrc_hb/hb_task1b_ws/build/hb_task_1b/install.log --single-version-externally-managed
[3.752s] DEBUG:colcon.colcon_core.event_handler.log_command:Invoked command in '/home/aswarth/eyantra/eyrc_hb/hb_task1b_ws/src/hb_task_1b' returned '0': PYTHONPATH=/home/aswarth/eyantra/eyrc_hb/hb_task1b_ws/build/hb_task_1b/prefix_override:/home/aswarth/eyantra/eyrc_hb/hb_task1b_ws/install/hb_task_1b/lib/python3.10/site-packages:${PYTHONPATH} /usr/bin/python3 setup.py egg_info --egg-base ../../build/hb_task_1b build --build-base /home/aswarth/eyantra/eyrc_hb/hb_task1b_ws/build/hb_task_1b/build install --record /home/aswarth/eyantra/eyrc_hb/hb_task1b_ws/build/hb_task_1b/install.log --single-version-externally-managed
[3.782s] Level 1:colcon.colcon_core.environment:checking '/home/aswarth/eyantra/eyrc_hb/hb_task1b_ws/install/hb_task_1b' for CMake module files
[3.782s] Level 1:colcon.colcon_core.environment:checking '/home/aswarth/eyantra/eyrc_hb/hb_task1b_ws/install/hb_task_1b' for CMake config files
[3.783s] Level 1:colcon.colcon_core.environment:checking '/home/aswarth/eyantra/eyrc_hb/hb_task1b_ws/install/hb_task_1b/lib'
[3.783s] Level 1:colcon.colcon_core.environment:checking '/home/aswarth/eyantra/eyrc_hb/hb_task1b_ws/install/hb_task_1b/bin'
[3.783s] Level 1:colcon.colcon_core.environment:checking '/home/aswarth/eyantra/eyrc_hb/hb_task1b_ws/install/hb_task_1b/lib/pkgconfig/hb_task_1b.pc'
[3.783s] Level 1:colcon.colcon_core.environment:checking '/home/aswarth/eyantra/eyrc_hb/hb_task1b_ws/install/hb_task_1b/lib/python3.10/site-packages'
[3.784s] Level 1:colcon.colcon_core.shell:create_environment_hook('hb_task_1b', 'pythonpath')
[3.809s] INFO:colcon.colcon_core.shell:Creating environment hook '/home/aswarth/eyantra/eyrc_hb/hb_task1b_ws/install/hb_task_1b/share/hb_task_1b/hook/pythonpath.ps1'
[3.809s] INFO:colcon.colcon_core.shell:Creating environment descriptor '/home/aswarth/eyantra/eyrc_hb/hb_task1b_ws/install/hb_task_1b/share/hb_task_1b/hook/pythonpath.dsv'
[3.810s] INFO:colcon.colcon_core.shell:Creating environment hook '/home/aswarth/eyantra/eyrc_hb/hb_task1b_ws/install/hb_task_1b/share/hb_task_1b/hook/pythonpath.sh'
[3.810s] Level 1:colcon.colcon_core.environment:checking '/home/aswarth/eyantra/eyrc_hb/hb_task1b_ws/install/hb_task_1b/bin'
[3.810s] Level 1:colcon.colcon_core.environment:create_environment_scripts_only(hb_task_1b)
[3.835s] INFO:colcon.colcon_core.shell:Creating package script '/home/aswarth/eyantra/eyrc_hb/hb_task1b_ws/install/hb_task_1b/share/hb_task_1b/package.ps1'
[3.836s] INFO:colcon.colcon_core.shell:Creating package descriptor '/home/aswarth/eyantra/eyrc_hb/hb_task1b_ws/install/hb_task_1b/share/hb_task_1b/package.dsv'
[3.836s] INFO:colcon.colcon_core.shell:Creating package script '/home/aswarth/eyantra/eyrc_hb/hb_task1b_ws/install/hb_task_1b/share/hb_task_1b/package.sh'
[3.837s] INFO:colcon.colcon_core.shell:Creating package script '/home/aswarth/eyantra/eyrc_hb/hb_task1b_ws/install/hb_task_1b/share/hb_task_1b/package.bash'
[3.838s] INFO:colcon.colcon_core.shell:Creating package script '/home/aswarth/eyantra/eyrc_hb/hb_task1b_ws/install/hb_task_1b/share/hb_task_1b/package.zsh'
[3.839s] Level 1:colcon.colcon_core.environment:create_file_with_runtime_dependencies(/home/aswarth/eyantra/eyrc_hb/hb_task1b_ws/install/hb_task_1b/share/colcon-core/packages/hb_task_1b)
[6.181s] DEBUG:colcon.colcon_core.event_handler.log_command:Invoked command in '/home/aswarth/eyantra/eyrc_hb/hb_task1b_ws/build/my_robot_interfaces' returned '0': CMAKE_PREFIX_PATH=/opt/ros/humble /home/aswarth/.local/bin/cmake /home/aswarth/eyantra/eyrc_hb/hb_task1b_ws/src/my_robot_interfaces -Wno-dev -DCMAKE_INSTALL_PREFIX=/home/aswarth/eyantra/eyrc_hb/hb_task1b_ws/install/my_robot_interfaces
[6.185s] DEBUG:colcon.colcon_core.event_handler.log_command:Invoking command in '/home/aswarth/eyantra/eyrc_hb/hb_task1b_ws/build/my_robot_interfaces': CMAKE_PREFIX_PATH=/opt/ros/humble /home/aswarth/.local/bin/cmake --build /home/aswarth/eyantra/eyrc_hb/hb_task1b_ws/build/my_robot_interfaces -- -j16 -l16
[8.659s] DEBUG:colcon.colcon_core.event_handler.log_command:Invoked command in '/home/aswarth/eyantra/eyrc_hb/hb_task1b_ws/build/my_robot_interfaces' returned '0': CMAKE_PREFIX_PATH=/opt/ros/humble /home/aswarth/.local/bin/cmake --build /home/aswarth/eyantra/eyrc_hb/hb_task1b_ws/build/my_robot_interfaces -- -j16 -l16
[8.827s] DEBUG:colcon.colcon_core.event_handler.log_command:Invoking command in '/home/aswarth/eyantra/eyrc_hb/hb_task1b_ws/build/my_robot_interfaces': CMAKE_PREFIX_PATH=/opt/ros/humble /home/aswarth/.local/bin/cmake --install /home/aswarth/eyantra/eyrc_hb/hb_task1b_ws/build/my_robot_interfaces
[8.937s] Level 1:colcon.colcon_core.environment:create_environment_scripts_only(my_robot_interfaces)
[8.938s] DEBUG:colcon.colcon_core.event_handler.log_command:Invoked command in '/home/aswarth/eyantra/eyrc_hb/hb_task1b_ws/build/my_robot_interfaces' returned '0': CMAKE_PREFIX_PATH=/opt/ros/humble /home/aswarth/.local/bin/cmake --install /home/aswarth/eyantra/eyrc_hb/hb_task1b_ws/build/my_robot_interfaces
[8.961s] Level 1:colcon.colcon_core.environment:checking '/home/aswarth/eyantra/eyrc_hb/hb_task1b_ws/install/my_robot_interfaces' for CMake module files
[8.962s] Level 1:colcon.colcon_core.environment:checking '/home/aswarth/eyantra/eyrc_hb/hb_task1b_ws/install/my_robot_interfaces' for CMake config files
[8.962s] Level 1:colcon.colcon_core.shell:create_environment_hook('my_robot_interfaces', 'cmake_prefix_path')
[8.986s] INFO:colcon.colcon_core.shell:Creating environment hook '/home/aswarth/eyantra/eyrc_hb/hb_task1b_ws/install/my_robot_interfaces/share/my_robot_interfaces/hook/cmake_prefix_path.ps1'
[8.987s] INFO:colcon.colcon_core.shell:Creating environment descriptor '/home/aswarth/eyantra/eyrc_hb/hb_task1b_ws/install/my_robot_interfaces/share/my_robot_interfaces/hook/cmake_prefix_path.dsv'
[8.987s] INFO:colcon.colcon_core.shell:Creating environment hook '/home/aswarth/eyantra/eyrc_hb/hb_task1b_ws/install/my_robot_interfaces/share/my_robot_interfaces/hook/cmake_prefix_path.sh'
[8.988s] Level 1:colcon.colcon_core.environment:checking '/home/aswarth/eyantra/eyrc_hb/hb_task1b_ws/install/my_robot_interfaces/lib'
[8.988s] Level 1:colcon.colcon_core.shell:create_environment_hook('my_robot_interfaces', 'ld_library_path_lib')
[9.011s] INFO:colcon.colcon_core.shell:Creating environment hook '/home/aswarth/eyantra/eyrc_hb/hb_task1b_ws/install/my_robot_interfaces/share/my_robot_interfaces/hook/ld_library_path_lib.ps1'
[9.012s] INFO:colcon.colcon_core.shell:Creating environment descriptor '/home/aswarth/eyantra/eyrc_hb/hb_task1b_ws/install/my_robot_interfaces/share/my_robot_interfaces/hook/ld_library_path_lib.dsv'
[9.012s] INFO:colcon.colcon_core.shell:Creating environment hook '/home/aswarth/eyantra/eyrc_hb/hb_task1b_ws/install/my_robot_interfaces/share/my_robot_interfaces/hook/ld_library_path_lib.sh'
[9.013s] Level 1:colcon.colcon_core.environment:checking '/home/aswarth/eyantra/eyrc_hb/hb_task1b_ws/install/my_robot_interfaces/bin'
[9.013s] Level 1:colcon.colcon_core.environment:checking '/home/aswarth/eyantra/eyrc_hb/hb_task1b_ws/install/my_robot_interfaces/lib/pkgconfig/my_robot_interfaces.pc'
[9.013s] Level 1:colcon.colcon_core.environment:checking '/home/aswarth/eyantra/eyrc_hb/hb_task1b_ws/install/my_robot_interfaces/lib/python3.10/site-packages'
[9.013s] Level 1:colcon.colcon_core.environment:checking '/home/aswarth/eyantra/eyrc_hb/hb_task1b_ws/install/my_robot_interfaces/bin'
[9.036s] INFO:colcon.colcon_core.shell:Creating package script '/home/aswarth/eyantra/eyrc_hb/hb_task1b_ws/install/my_robot_interfaces/share/my_robot_interfaces/package.ps1'
[9.036s] INFO:colcon.colcon_core.shell:Creating package descriptor '/home/aswarth/eyantra/eyrc_hb/hb_task1b_ws/install/my_robot_interfaces/share/my_robot_interfaces/package.dsv'
[9.037s] INFO:colcon.colcon_core.shell:Creating package script '/home/aswarth/eyantra/eyrc_hb/hb_task1b_ws/install/my_robot_interfaces/share/my_robot_interfaces/package.sh'
[9.037s] INFO:colcon.colcon_core.shell:Creating package script '/home/aswarth/eyantra/eyrc_hb/hb_task1b_ws/install/my_robot_interfaces/share/my_robot_interfaces/package.bash'
[9.038s] INFO:colcon.colcon_core.shell:Creating package script '/home/aswarth/eyantra/eyrc_hb/hb_task1b_ws/install/my_robot_interfaces/share/my_robot_interfaces/package.zsh'
[9.038s] Level 1:colcon.colcon_core.environment:create_file_with_runtime_dependencies(/home/aswarth/eyantra/eyrc_hb/hb_task1b_ws/install/my_robot_interfaces/share/colcon-core/packages/my_robot_interfaces)
[9.196s] Level 1:colcon.colcon_core.environment:create_environment_scripts_only(my_robot_interfaces)
[9.220s] Level 1:colcon.colcon_core.environment:checking '/home/aswarth/eyantra/eyrc_hb/hb_task1b_ws/install/my_robot_interfaces' for CMake module files
[9.220s] Level 1:colcon.colcon_core.environment:checking '/home/aswarth/eyantra/eyrc_hb/hb_task1b_ws/install/my_robot_interfaces' for CMake config files
[9.221s] Level 1:colcon.colcon_core.shell:create_environment_hook('my_robot_interfaces', 'cmake_prefix_path')
[9.244s] INFO:colcon.colcon_core.shell:Creating environment hook '/home/aswarth/eyantra/eyrc_hb/hb_task1b_ws/install/my_robot_interfaces/share/my_robot_interfaces/hook/cmake_prefix_path.ps1'
[9.244s] INFO:colcon.colcon_core.shell:Creating environment descriptor '/home/aswarth/eyantra/eyrc_hb/hb_task1b_ws/install/my_robot_interfaces/share/my_robot_interfaces/hook/cmake_prefix_path.dsv'
[9.245s] INFO:colcon.colcon_core.shell:Creating environment hook '/home/aswarth/eyantra/eyrc_hb/hb_task1b_ws/install/my_robot_interfaces/share/my_robot_interfaces/hook/cmake_prefix_path.sh'
[9.245s] Level 1:colcon.colcon_core.environment:checking '/home/aswarth/eyantra/eyrc_hb/hb_task1b_ws/install/my_robot_interfaces/lib'
[9.245s] Level 1:colcon.colcon_core.shell:create_environment_hook('my_robot_interfaces', 'ld_library_path_lib')
[9.269s] INFO:colcon.colcon_core.shell:Creating environment hook '/home/aswarth/eyantra/eyrc_hb/hb_task1b_ws/install/my_robot_interfaces/share/my_robot_interfaces/hook/ld_library_path_lib.ps1'
[9.269s] INFO:colcon.colcon_core.shell:Creating environment descriptor '/home/aswarth/eyantra/eyrc_hb/hb_task1b_ws/install/my_robot_interfaces/share/my_robot_interfaces/hook/ld_library_path_lib.dsv'
[9.270s] INFO:colcon.colcon_core.shell:Creating environment hook '/home/aswarth/eyantra/eyrc_hb/hb_task1b_ws/install/my_robot_interfaces/share/my_robot_interfaces/hook/ld_library_path_lib.sh'
[9.270s] Level 1:colcon.colcon_core.environment:checking '/home/aswarth/eyantra/eyrc_hb/hb_task1b_ws/install/my_robot_interfaces/bin'
[9.270s] Level 1:colcon.colcon_core.environment:checking '/home/aswarth/eyantra/eyrc_hb/hb_task1b_ws/install/my_robot_interfaces/lib/pkgconfig/my_robot_interfaces.pc'
[9.270s] Level 1:colcon.colcon_core.environment:checking '/home/aswarth/eyantra/eyrc_hb/hb_task1b_ws/install/my_robot_interfaces/lib/python3.10/site-packages'
[9.271s] Level 1:colcon.colcon_core.environment:checking '/home/aswarth/eyantra/eyrc_hb/hb_task1b_ws/install/my_robot_interfaces/bin'
[9.295s] INFO:colcon.colcon_core.shell:Creating package script '/home/aswarth/eyantra/eyrc_hb/hb_task1b_ws/install/my_robot_interfaces/share/my_robot_interfaces/package.ps1'
[9.295s] INFO:colcon.colcon_core.shell:Creating package descriptor '/home/aswarth/eyantra/eyrc_hb/hb_task1b_ws/install/my_robot_interfaces/share/my_robot_interfaces/package.dsv'
[9.296s] INFO:colcon.colcon_core.shell:Creating package script '/home/aswarth/eyantra/eyrc_hb/hb_task1b_ws/install/my_robot_interfaces/share/my_robot_interfaces/package.sh'
[9.296s] INFO:colcon.colcon_core.shell:Creating package script '/home/aswarth/eyantra/eyrc_hb/hb_task1b_ws/install/my_robot_interfaces/share/my_robot_interfaces/package.bash'
[9.297s] INFO:colcon.colcon_core.shell:Creating package script '/home/aswarth/eyantra/eyrc_hb/hb_task1b_ws/install/my_robot_interfaces/share/my_robot_interfaces/package.zsh'
[9.297s] Level 1:colcon.colcon_core.environment:create_file_with_runtime_dependencies(/home/aswarth/eyantra/eyrc_hb/hb_task1b_ws/install/my_robot_interfaces/share/colcon-core/packages/my_robot_interfaces)
[9.297s] DEBUG:colcon.colcon_parallel_executor.executor.parallel:closing loop
[9.298s] DEBUG:colcon.colcon_parallel_executor.executor.parallel:loop closed
[9.298s] DEBUG:colcon.colcon_parallel_executor.executor.parallel:run_until_complete finished with '0'
[9.298s] DEBUG:colcon.colcon_core.event_reactor:joining thread
[9.331s] INFO:colcon.colcon_core.plugin_system:Skipping extension 'colcon_notification.desktop_notification.terminal_notifier': Not used on non-Darwin systems
[9.331s] INFO:colcon.colcon_core.plugin_system:Skipping extension 'colcon_notification.desktop_notification.win32': Not used on non-Windows systems
[9.331s] INFO:colcon.colcon_notification.desktop_notification:Sending desktop notification using 'notify2'
[9.349s] DEBUG:colcon.colcon_core.event_reactor:joined thread
[9.373s] INFO:colcon.colcon_core.shell:Creating prefix script '/home/aswarth/eyantra/eyrc_hb/hb_task1b_ws/install/local_setup.ps1'
[9.374s] INFO:colcon.colcon_core.shell:Creating prefix util module '/home/aswarth/eyantra/eyrc_hb/hb_task1b_ws/install/_local_setup_util_ps1.py'
[9.375s] INFO:colcon.colcon_core.shell:Creating prefix chain script '/home/aswarth/eyantra/eyrc_hb/hb_task1b_ws/install/setup.ps1'
[9.399s] INFO:colcon.colcon_core.shell:Creating prefix script '/home/aswarth/eyantra/eyrc_hb/hb_task1b_ws/install/local_setup.sh'
[9.399s] INFO:colcon.colcon_core.shell:Creating prefix util module '/home/aswarth/eyantra/eyrc_hb/hb_task1b_ws/install/_local_setup_util_sh.py'
[9.400s] INFO:colcon.colcon_core.shell:Creating prefix chain script '/home/aswarth/eyantra/eyrc_hb/hb_task1b_ws/install/setup.sh'
[9.424s] INFO:colcon.colcon_core.shell:Creating prefix script '/home/aswarth/eyantra/eyrc_hb/hb_task1b_ws/install/local_setup.bash'
[9.425s] INFO:colcon.colcon_core.shell:Creating prefix chain script '/home/aswarth/eyantra/eyrc_hb/hb_task1b_ws/install/setup.bash'
[9.448s] INFO:colcon.colcon_core.shell:Creating prefix script '/home/aswarth/eyantra/eyrc_hb/hb_task1b_ws/install/local_setup.zsh'
[9.449s] INFO:colcon.colcon_core.shell:Creating prefix chain script '/home/aswarth/eyantra/eyrc_hb/hb_task1b_ws/install/setup.zsh'
